debug: Server up on port 8080!
debug: debug test.
http: http test.
info: info test.
warning: warning test.
error: error test.
debug: debug test.
http: http test.
info: info test.
warning: warning test.
error: error test.
debug: Server up on port 8080!
debug: debug test.
http: http test.
info: info test.
warning: warning test.
error: error test.
error: Authentication error.
info: User logged in.
info: User logged in.
info: User logged in.
error: Authentication error.
warning: You are already logged in.
